2025-12-01 14:10:49,723 INFO: TruthGuard application initialized [in C:\Users\VIGNESH-HOME\PycharmProjects\Infosys-FakeNewsdetectiontool\app.py:615]
2025-12-01 14:10:57,204 INFO: TruthGuard application initialized [in C:\Users\VIGNESH-HOME\PycharmProjects\Infosys-FakeNewsdetectiontool\app.py:615]
2025-12-01 14:13:16,199 INFO: TruthGuard application initialized [in C:\Users\VIGNESH-HOME\PycharmProjects\Infosys-FakeNewsdetectiontool\app.py:631]
2025-12-01 14:13:16,227 INFO: ✅ Database initialized [in C:\Users\VIGNESH-HOME\PycharmProjects\Infosys-FakeNewsdetectiontool\app.py:1236]
2025-12-01 14:13:16,228 INFO: 🚀 Starting TruthGuard application... [in C:\Users\VIGNESH-HOME\PycharmProjects\Infosys-FakeNewsdetectiontool\app.py:1248]
2025-12-01 14:15:18,148 INFO: TruthGuard application initialized [in C:\Users\VIGNESH-HOME\PycharmProjects\Infosys-FakeNewsdetectiontool\app.py:631]
2025-12-01 14:15:18,167 INFO: ✅ Database initialized [in C:\Users\VIGNESH-HOME\PycharmProjects\Infosys-FakeNewsdetectiontool\app.py:1236]
2025-12-01 14:15:18,167 INFO: 🚀 Starting TruthGuard application... [in C:\Users\VIGNESH-HOME\PycharmProjects\Infosys-FakeNewsdetectiontool\app.py:1248]
2025-12-01 14:15:23,798 INFO: TruthGuard application initialized [in C:\Users\VIGNESH-HOME\PycharmProjects\Infosys-FakeNewsdetectiontool\app.py:631]
2025-12-01 14:15:23,818 INFO: ✅ Database initialized [in C:\Users\VIGNESH-HOME\PycharmProjects\Infosys-FakeNewsdetectiontool\app.py:1236]
2025-12-01 14:15:23,819 INFO: 🚀 Starting TruthGuard application... [in C:\Users\VIGNESH-HOME\PycharmProjects\Infosys-FakeNewsdetectiontool\app.py:1248]
2025-12-01 14:19:27,596 INFO: TruthGuard application initialized [in C:\Users\VIGNESH-HOME\PycharmProjects\Infosys-FakeNewsdetectiontool\app.py:632]
2025-12-01 14:19:27,684 INFO: ✅ Database initialized [in C:\Users\VIGNESH-HOME\PycharmProjects\Infosys-FakeNewsdetectiontool\app.py:1237]
2025-12-01 14:19:27,684 INFO: 🚀 Starting TruthGuard application... [in C:\Users\VIGNESH-HOME\PycharmProjects\Infosys-FakeNewsdetectiontool\app.py:1249]
2025-12-01 14:22:00,032 INFO: TruthGuard application initialized [in C:\Users\VIGNESH-HOME\PycharmProjects\Infosys-FakeNewsdetectiontool\app.py:633]
2025-12-01 14:22:00,051 INFO: ✅ Database initialized [in C:\Users\VIGNESH-HOME\PycharmProjects\Infosys-FakeNewsdetectiontool\app.py:1236]
2025-12-01 14:22:00,052 INFO: 🚀 Starting TruthGuard application... [in C:\Users\VIGNESH-HOME\PycharmProjects\Infosys-FakeNewsdetectiontool\app.py:1248]
2025-12-01 14:22:05,191 INFO: TruthGuard application initialized [in C:\Users\VIGNESH-HOME\PycharmProjects\Infosys-FakeNewsdetectiontool\app.py:633]
2025-12-01 14:22:05,216 INFO: ✅ Database initialized [in C:\Users\VIGNESH-HOME\PycharmProjects\Infosys-FakeNewsdetectiontool\app.py:1236]
2025-12-01 14:22:05,217 INFO: 🚀 Starting TruthGuard application... [in C:\Users\VIGNESH-HOME\PycharmProjects\Infosys-FakeNewsdetectiontool\app.py:1248]
2025-12-01 14:25:16,483 INFO: TruthGuard application initialized [in C:\Users\VIGNESH-HOME\PycharmProjects\Infosys-FakeNewsdetectiontool\app.py:633]
2025-12-01 14:25:16,501 INFO: ✅ Database initialized [in C:\Users\VIGNESH-HOME\PycharmProjects\Infosys-FakeNewsdetectiontool\app.py:1236]
2025-12-01 14:25:16,502 INFO: 🚀 Starting TruthGuard application... [in C:\Users\VIGNESH-HOME\PycharmProjects\Infosys-FakeNewsdetectiontool\app.py:1248]
2025-12-01 14:25:21,972 INFO: TruthGuard application initialized [in C:\Users\VIGNESH-HOME\PycharmProjects\Infosys-FakeNewsdetectiontool\app.py:633]
2025-12-01 14:25:21,994 INFO: ✅ Database initialized [in C:\Users\VIGNESH-HOME\PycharmProjects\Infosys-FakeNewsdetectiontool\app.py:1236]
2025-12-01 14:25:21,995 INFO: 🚀 Starting TruthGuard application... [in C:\Users\VIGNESH-HOME\PycharmProjects\Infosys-FakeNewsdetectiontool\app.py:1248]
2025-12-01 14:28:04,447 INFO: TruthGuard application initialized [in C:\Users\VIGNESH-HOME\PycharmProjects\Infosys-FakeNewsdetectiontool\app.py:662]
2025-12-01 14:28:04,466 INFO: ✅ Database initialized [in C:\Users\VIGNESH-HOME\PycharmProjects\Infosys-FakeNewsdetectiontool\app.py:1265]
2025-12-01 14:28:04,466 INFO: 🚀 Starting TruthGuard application... [in C:\Users\VIGNESH-HOME\PycharmProjects\Infosys-FakeNewsdetectiontool\app.py:1277]
2025-12-01 14:28:10,030 INFO: TruthGuard application initialized [in C:\Users\VIGNESH-HOME\PycharmProjects\Infosys-FakeNewsdetectiontool\app.py:662]
2025-12-01 14:28:10,050 INFO: ✅ Database initialized [in C:\Users\VIGNESH-HOME\PycharmProjects\Infosys-FakeNewsdetectiontool\app.py:1265]
2025-12-01 14:28:10,051 INFO: 🚀 Starting TruthGuard application... [in C:\Users\VIGNESH-HOME\PycharmProjects\Infosys-FakeNewsdetectiontool\app.py:1277]
2025-12-01 14:34:18,858 INFO: TruthGuard application initialized [in C:\Users\VIGNESH-HOME\PycharmProjects\Infosys-FakeNewsdetectiontool\app.py:407]
2025-12-01 14:34:18,877 INFO: Database initialized [in C:\Users\VIGNESH-HOME\PycharmProjects\Infosys-FakeNewsdetectiontool\app.py:770]
2025-12-01 14:34:18,878 INFO: Starting TruthGuard application... [in C:\Users\VIGNESH-HOME\PycharmProjects\Infosys-FakeNewsdetectiontool\app.py:777]
2025-12-01 14:34:24,335 INFO: TruthGuard application initialized [in C:\Users\VIGNESH-HOME\PycharmProjects\Infosys-FakeNewsdetectiontool\app.py:407]
2025-12-01 14:34:24,355 INFO: Database initialized [in C:\Users\VIGNESH-HOME\PycharmProjects\Infosys-FakeNewsdetectiontool\app.py:770]
2025-12-01 14:34:24,355 INFO: Starting TruthGuard application... [in C:\Users\VIGNESH-HOME\PycharmProjects\Infosys-FakeNewsdetectiontool\app.py:777]
2025-12-01 14:39:19,420 INFO: TruthGuard application initialized [in C:\Users\VIGNESH-HOME\PycharmProjects\Infosys-FakeNewsdetectiontool\app.py:436]
2025-12-01 14:39:19,439 INFO: Database initialized [in C:\Users\VIGNESH-HOME\PycharmProjects\Infosys-FakeNewsdetectiontool\app.py:799]
2025-12-01 14:39:19,440 INFO: Starting TruthGuard application... [in C:\Users\VIGNESH-HOME\PycharmProjects\Infosys-FakeNewsdetectiontool\app.py:806]
2025-12-01 14:39:23,769 INFO: TruthGuard application initialized [in C:\Users\VIGNESH-HOME\PycharmProjects\Infosys-FakeNewsdetectiontool\app.py:436]
2025-12-01 14:39:23,788 INFO: Database initialized [in C:\Users\VIGNESH-HOME\PycharmProjects\Infosys-FakeNewsdetectiontool\app.py:799]
2025-12-01 14:39:23,789 INFO: Starting TruthGuard application... [in C:\Users\VIGNESH-HOME\PycharmProjects\Infosys-FakeNewsdetectiontool\app.py:806]
2025-12-01 14:43:41,040 INFO: TruthGuard application initialized [in C:\Users\VIGNESH-HOME\PycharmProjects\Infosys-FakeNewsdetectiontool\app.py:436]
2025-12-01 14:43:41,059 INFO: Database initialized [in C:\Users\VIGNESH-HOME\PycharmProjects\Infosys-FakeNewsdetectiontool\app.py:799]
2025-12-01 14:43:41,059 INFO: Starting TruthGuard application... [in C:\Users\VIGNESH-HOME\PycharmProjects\Infosys-FakeNewsdetectiontool\app.py:806]
2025-12-01 14:43:45,694 INFO: TruthGuard application initialized [in C:\Users\VIGNESH-HOME\PycharmProjects\Infosys-FakeNewsdetectiontool\app.py:436]
2025-12-01 14:43:45,712 INFO: Database initialized [in C:\Users\VIGNESH-HOME\PycharmProjects\Infosys-FakeNewsdetectiontool\app.py:799]
2025-12-01 14:43:45,713 INFO: Starting TruthGuard application... [in C:\Users\VIGNESH-HOME\PycharmProjects\Infosys-FakeNewsdetectiontool\app.py:806]
2025-12-01 16:29:28,361 INFO: TruthGuard application initialized [in C:\Users\VIGNESH-HOME\PycharmProjects\Infosys-FakeNewsdetectiontool\app.py:436]
2025-12-01 16:29:28,382 INFO: Database initialized [in C:\Users\VIGNESH-HOME\PycharmProjects\Infosys-FakeNewsdetectiontool\app.py:799]
2025-12-01 16:29:28,383 INFO: Starting TruthGuard application... [in C:\Users\VIGNESH-HOME\PycharmProjects\Infosys-FakeNewsdetectiontool\app.py:806]
2025-12-01 16:29:34,925 INFO: TruthGuard application initialized [in C:\Users\VIGNESH-HOME\PycharmProjects\Infosys-FakeNewsdetectiontool\app.py:436]
2025-12-01 16:29:34,980 INFO: Database initialized [in C:\Users\VIGNESH-HOME\PycharmProjects\Infosys-FakeNewsdetectiontool\app.py:799]
2025-12-01 16:29:34,980 INFO: Starting TruthGuard application... [in C:\Users\VIGNESH-HOME\PycharmProjects\Infosys-FakeNewsdetectiontool\app.py:806]
2025-12-01 16:37:18,111 INFO: TruthGuard application initialized [in C:\Users\VIGNESH-HOME\PycharmProjects\Infosys-FakeNewsdetectiontool\app.py:436]
2025-12-01 16:37:18,141 INFO: Database initialized [in C:\Users\VIGNESH-HOME\PycharmProjects\Infosys-FakeNewsdetectiontool\app.py:799]
2025-12-01 16:37:18,141 INFO: Starting TruthGuard application... [in C:\Users\VIGNESH-HOME\PycharmProjects\Infosys-FakeNewsdetectiontool\app.py:806]
2025-12-01 16:37:28,181 INFO: TruthGuard application initialized [in C:\Users\VIGNESH-HOME\PycharmProjects\Infosys-FakeNewsdetectiontool\app.py:436]
2025-12-01 16:37:28,243 INFO: Database initialized [in C:\Users\VIGNESH-HOME\PycharmProjects\Infosys-FakeNewsdetectiontool\app.py:799]
2025-12-01 16:37:28,244 INFO: Starting TruthGuard application... [in C:\Users\VIGNESH-HOME\PycharmProjects\Infosys-FakeNewsdetectiontool\app.py:806]
